27-10-2021 15:49:16:345 Phase_1 [INFO] : List of users: [user0, user1, user2, user3, user4]
27-10-2021 15:49:16:346 Phase_1 [INFO] : List of operations:
[AddOperation [recipe=[ftyqqryp, Content--ftyqqryp, user0], timestamp=user0:   0], AddOperation [recipe=[vgrxismv, Content--vgrxismv, user2], timestamp=user2:   0], AddOperation [recipe=[mrtsccko, Content--mrtsccko, user1], timestamp=user1:   0], AddOperation [recipe=[mtxhcsxk, Content--mtxhcsxk, user4], timestamp=user4:   0], AddOperation [recipe=[igutjmas, Content--igutjmas, user2], timestamp=user2:   1], AddOperation [recipe=[enwxuoaq, Content--enwxuoaq, user2], timestamp=user2:   2], AddOperation [recipe=[naenayif, Content--naenayif, user3], timestamp=user3:   0], AddOperation [recipe=[paqhlrar, Content--paqhlrar, user3], timestamp=user3:   1], AddOperation [recipe=[guimxcvn, Content--guimxcvn, user4], timestamp=user4:   1], AddOperation [recipe=[brqcmawf, Content--brqcmawf, user3], timestamp=user3:   2], AddOperation [recipe=[wvfvcioe, Content--wvfvcioe, user0], timestamp=user0:   1], AddOperation [recipe=[jdpmsrot, Content--jdpmsrot, user4], timestamp=user4:   2], AddOperation [recipe=[bycjuiap, Content--bycjuiap, user2], timestamp=user2:   3], AddOperation [recipe=[prrrbyyq, Content--prrrbyyq, user4], timestamp=user4:   3], AddOperation [recipe=[ayxlnxfj, Content--ayxlnxfj, user0], timestamp=user0:   2], AddOperation [recipe=[fbybqmkf, Content--fbybqmkf, user1], timestamp=user1:   1], AddOperation [recipe=[clibbrbl, Content--clibbrbl, user2], timestamp=user2:   4], AddOperation [recipe=[qycxccpi, Content--qycxccpi, user1], timestamp=user1:   2], AddOperation [recipe=[jeqkicvn, Content--jeqkicvn, user0], timestamp=user0:   3], AddOperation [recipe=[gsktxxsh, Content--gsktxxsh, user1], timestamp=user1:   3], AddOperation [recipe=[nhmswiev, Content--nhmswiev, user4], timestamp=user4:   4], AddOperation [recipe=[gjtvehkq, Content--gjtvehkq, user0], timestamp=user0:   4], AddOperation [recipe=[rlretsfx, Content--rlretsfx, user2], timestamp=user2:   5], AddOperation [recipe=[hnsfjsrm, Content--hnsfjsrm, user0], timestamp=user0:   5], AddOperation [recipe=[dtuaotah, Content--dtuaotah, user4], timestamp=user4:   5], AddOperation [recipe=[vqkrfrdd, Content--vqkrfrdd, user2], timestamp=user2:   6], AddOperation [recipe=[hlvdoryn, Content--hlvdoryn, user1], timestamp=user1:   4], AddOperation [recipe=[srhvddam, Content--srhvddam, user2], timestamp=user2:   7], AddOperation [recipe=[jfyqttss, Content--jfyqttss, user4], timestamp=user4:   6], AddOperation [recipe=[tustxmqr, Content--tustxmqr, user0], timestamp=user0:   6], AddOperation [recipe=[vribeukc, Content--vribeukc, user3], timestamp=user3:   3], AddOperation [recipe=[xakmtotn, Content--xakmtotn, user4], timestamp=user4:   7], AddOperation [recipe=[skotncrs, Content--skotncrs, user2], timestamp=user2:   8], AddOperation [recipe=[tluqowex, Content--tluqowex, user2], timestamp=user2:   9], AddOperation [recipe=[lupjjovh, Content--lupjjovh, user3], timestamp=user3:   4], AddOperation [recipe=[qbmyxmeo, Content--qbmyxmeo, user3], timestamp=user3:   5], AddOperation [recipe=[ooqduvgv, Content--ooqduvgv, user4], timestamp=user4:   8], AddOperation [recipe=[hauelsfc, Content--hauelsfc, user1], timestamp=user1:   5], AddOperation [recipe=[jvuacyfw, Content--jvuacyfw, user3], timestamp=user3:   6], AddOperation [recipe=[kpetxjqi, Content--kpetxjqi, user1], timestamp=user1:   6], AddOperation [recipe=[fdfyucma, Content--fdfyucma, user2], timestamp=user2:   10], AddOperation [recipe=[lvckthrq, Content--lvckthrq, user4], timestamp=user4:   9], AddOperation [recipe=[booxoevo, Content--booxoevo, user3], timestamp=user3:   7], AddOperation [recipe=[pytljyec, Content--pytljyec, user4], timestamp=user4:   10], AddOperation [recipe=[cefxgrfy, Content--cefxgrfy, user3], timestamp=user3:   8], AddOperation [recipe=[nikvppdg, Content--nikvppdg, user3], timestamp=user3:   9], AddOperation [recipe=[phmfgbsu, Content--phmfgbsu, user3], timestamp=user3:   10], AddOperation [recipe=[fewjqkrh, Content--fewjqkrh, user3], timestamp=user3:   11], AddOperation [recipe=[yjcaeuhb, Content--yjcaeuhb, user1], timestamp=user1:   7], AddOperation [recipe=[roppuwew, Content--roppuwew, user4], timestamp=user4:   11]]
27-10-2021 15:49:16:355 Phase_1 [TRACE] : Log updated:

27-10-2021 15:49:16:355 Phase_1 [TRACE] : Updating the TimestampVectorInserting with the timestamp: user0:   0
27-10-2021 15:49:16:355 Phase_1 [TRACE] : Summary updated:
user1:   -1000
user2:   -1000
user0:   -1000
user3:   -1000
user4:   -1000

27-10-2021 15:49:16:355 Phase_1 [TRACE] : Log updated:

27-10-2021 15:49:16:355 Phase_1 [TRACE] : Updating the TimestampVectorInserting with the timestamp: user2:   0
27-10-2021 15:49:16:355 Phase_1 [TRACE] : Summary updated:
user1:   -1000
user2:   -1000
user0:   -1000
user3:   -1000
user4:   -1000

27-10-2021 15:49:16:355 Phase_1 [TRACE] : Log updated:

27-10-2021 15:49:16:356 Phase_1 [TRACE] : Updating the TimestampVectorInserting with the timestamp: user1:   0
27-10-2021 15:49:16:356 Phase_1 [TRACE] : Summary updated:
user1:   -1000
user2:   -1000
user0:   -1000
user3:   -1000
user4:   -1000

27-10-2021 15:49:16:356 Phase_1 [TRACE] : Log updated:

27-10-2021 15:49:16:356 Phase_1 [TRACE] : Updating the TimestampVectorInserting with the timestamp: user4:   0
27-10-2021 15:49:16:356 Phase_1 [TRACE] : Summary updated:
user1:   -1000
user2:   -1000
user0:   -1000
user3:   -1000
user4:   -1000

27-10-2021 15:49:16:356 Phase_1 [TRACE] : Log updated:

27-10-2021 15:49:16:356 Phase_1 [TRACE] : Updating the TimestampVectorInserting with the timestamp: user2:   1
27-10-2021 15:49:16:356 Phase_1 [TRACE] : Summary updated:
user1:   -1000
user2:   -1000
user0:   -1000
user3:   -1000
user4:   -1000

27-10-2021 15:49:16:356 Phase_1 [TRACE] : Log updated:

27-10-2021 15:49:16:356 Phase_1 [TRACE] : Updating the TimestampVectorInserting with the timestamp: user2:   2
27-10-2021 15:49:16:356 Phase_1 [TRACE] : Summary updated:
user1:   -1000
user2:   -1000
user0:   -1000
user3:   -1000
user4:   -1000

27-10-2021 15:49:16:356 Phase_1 [TRACE] : Log updated:

27-10-2021 15:49:16:356 Phase_1 [TRACE] : Updating the TimestampVectorInserting with the timestamp: user3:   0
27-10-2021 15:49:16:356 Phase_1 [TRACE] : Summary updated:
user1:   -1000
user2:   -1000
user0:   -1000
user3:   -1000
user4:   -1000

27-10-2021 15:49:16:356 Phase_1 [TRACE] : Log updated:

27-10-2021 15:49:16:356 Phase_1 [TRACE] : Updating the TimestampVectorInserting with the timestamp: user3:   1
27-10-2021 15:49:16:356 Phase_1 [TRACE] : Summary updated:
user1:   -1000
user2:   -1000
user0:   -1000
user3:   -1000
user4:   -1000

27-10-2021 15:49:16:356 Phase_1 [TRACE] : Log updated:

27-10-2021 15:49:16:356 Phase_1 [TRACE] : Updating the TimestampVectorInserting with the timestamp: user4:   1
27-10-2021 15:49:16:356 Phase_1 [TRACE] : Summary updated:
user1:   -1000
user2:   -1000
user0:   -1000
user3:   -1000
user4:   -1000

27-10-2021 15:49:16:356 Phase_1 [TRACE] : Log updated:

27-10-2021 15:49:16:356 Phase_1 [TRACE] : Updating the TimestampVectorInserting with the timestamp: user3:   2
27-10-2021 15:49:16:356 Phase_1 [TRACE] : Summary updated:
user1:   -1000
user2:   -1000
user0:   -1000
user3:   -1000
user4:   -1000

27-10-2021 15:49:16:356 Phase_1 [TRACE] : Log updated:

27-10-2021 15:49:16:356 Phase_1 [TRACE] : Updating the TimestampVectorInserting with the timestamp: user0:   1
27-10-2021 15:49:16:356 Phase_1 [TRACE] : Summary updated:
user1:   -1000
user2:   -1000
user0:   -1000
user3:   -1000
user4:   -1000

27-10-2021 15:49:16:356 Phase_1 [TRACE] : Log updated:

27-10-2021 15:49:16:356 Phase_1 [TRACE] : Updating the TimestampVectorInserting with the timestamp: user4:   2
27-10-2021 15:49:16:356 Phase_1 [TRACE] : Summary updated:
user1:   -1000
user2:   -1000
user0:   -1000
user3:   -1000
user4:   -1000

27-10-2021 15:49:16:356 Phase_1 [TRACE] : Log updated:

27-10-2021 15:49:16:356 Phase_1 [TRACE] : Updating the TimestampVectorInserting with the timestamp: user2:   3
27-10-2021 15:49:16:356 Phase_1 [TRACE] : Summary updated:
user1:   -1000
user2:   -1000
user0:   -1000
user3:   -1000
user4:   -1000

27-10-2021 15:49:16:356 Phase_1 [TRACE] : Log updated:

27-10-2021 15:49:16:356 Phase_1 [TRACE] : Updating the TimestampVectorInserting with the timestamp: user4:   3
27-10-2021 15:49:16:356 Phase_1 [TRACE] : Summary updated:
user1:   -1000
user2:   -1000
user0:   -1000
user3:   -1000
user4:   -1000

27-10-2021 15:49:16:356 Phase_1 [TRACE] : Log updated:

27-10-2021 15:49:16:356 Phase_1 [TRACE] : Updating the TimestampVectorInserting with the timestamp: user0:   2
27-10-2021 15:49:16:356 Phase_1 [TRACE] : Summary updated:
user1:   -1000
user2:   -1000
user0:   -1000
user3:   -1000
user4:   -1000

27-10-2021 15:49:16:356 Phase_1 [TRACE] : Log updated:

27-10-2021 15:49:16:356 Phase_1 [TRACE] : Updating the TimestampVectorInserting with the timestamp: user1:   1
27-10-2021 15:49:16:356 Phase_1 [TRACE] : Summary updated:
user1:   -1000
user2:   -1000
user0:   -1000
user3:   -1000
user4:   -1000

27-10-2021 15:49:16:356 Phase_1 [TRACE] : Log updated:

27-10-2021 15:49:16:356 Phase_1 [TRACE] : Updating the TimestampVectorInserting with the timestamp: user2:   4
27-10-2021 15:49:16:356 Phase_1 [TRACE] : Summary updated:
user1:   -1000
user2:   -1000
user0:   -1000
user3:   -1000
user4:   -1000

27-10-2021 15:49:16:356 Phase_1 [TRACE] : Log updated:

27-10-2021 15:49:16:356 Phase_1 [TRACE] : Updating the TimestampVectorInserting with the timestamp: user1:   2
27-10-2021 15:49:16:356 Phase_1 [TRACE] : Summary updated:
user1:   -1000
user2:   -1000
user0:   -1000
user3:   -1000
user4:   -1000

27-10-2021 15:49:16:356 Phase_1 [TRACE] : Log updated:

27-10-2021 15:49:16:356 Phase_1 [TRACE] : Updating the TimestampVectorInserting with the timestamp: user0:   3
27-10-2021 15:49:16:356 Phase_1 [TRACE] : Summary updated:
user1:   -1000
user2:   -1000
user0:   -1000
user3:   -1000
user4:   -1000

27-10-2021 15:49:16:356 Phase_1 [TRACE] : Log updated:

27-10-2021 15:49:16:356 Phase_1 [TRACE] : Updating the TimestampVectorInserting with the timestamp: user1:   3
27-10-2021 15:49:16:356 Phase_1 [TRACE] : Summary updated:
user1:   -1000
user2:   -1000
user0:   -1000
user3:   -1000
user4:   -1000

27-10-2021 15:49:16:356 Phase_1 [TRACE] : Log updated:

27-10-2021 15:49:16:356 Phase_1 [TRACE] : Updating the TimestampVectorInserting with the timestamp: user4:   4
27-10-2021 15:49:16:356 Phase_1 [TRACE] : Summary updated:
user1:   -1000
user2:   -1000
user0:   -1000
user3:   -1000
user4:   -1000

27-10-2021 15:49:16:357 Phase_1 [TRACE] : Log updated:

27-10-2021 15:49:16:357 Phase_1 [TRACE] : Updating the TimestampVectorInserting with the timestamp: user0:   4
27-10-2021 15:49:16:357 Phase_1 [TRACE] : Summary updated:
user1:   -1000
user2:   -1000
user0:   -1000
user3:   -1000
user4:   -1000

27-10-2021 15:49:16:357 Phase_1 [TRACE] : Log updated:

27-10-2021 15:49:16:357 Phase_1 [TRACE] : Updating the TimestampVectorInserting with the timestamp: user2:   5
27-10-2021 15:49:16:357 Phase_1 [TRACE] : Summary updated:
user1:   -1000
user2:   -1000
user0:   -1000
user3:   -1000
user4:   -1000

27-10-2021 15:49:16:357 Phase_1 [TRACE] : Log updated:

27-10-2021 15:49:16:357 Phase_1 [TRACE] : Updating the TimestampVectorInserting with the timestamp: user0:   5
27-10-2021 15:49:16:357 Phase_1 [TRACE] : Summary updated:
user1:   -1000
user2:   -1000
user0:   -1000
user3:   -1000
user4:   -1000

27-10-2021 15:49:16:357 Phase_1 [TRACE] : Log updated:

27-10-2021 15:49:16:357 Phase_1 [TRACE] : Updating the TimestampVectorInserting with the timestamp: user4:   5
27-10-2021 15:49:16:357 Phase_1 [TRACE] : Summary updated:
user1:   -1000
user2:   -1000
user0:   -1000
user3:   -1000
user4:   -1000

27-10-2021 15:49:16:357 Phase_1 [TRACE] : Log updated:

27-10-2021 15:49:16:357 Phase_1 [TRACE] : Updating the TimestampVectorInserting with the timestamp: user2:   6
27-10-2021 15:49:16:357 Phase_1 [TRACE] : Summary updated:
user1:   -1000
user2:   -1000
user0:   -1000
user3:   -1000
user4:   -1000

27-10-2021 15:49:16:357 Phase_1 [TRACE] : Log updated:

27-10-2021 15:49:16:357 Phase_1 [TRACE] : Updating the TimestampVectorInserting with the timestamp: user1:   4
27-10-2021 15:49:16:357 Phase_1 [TRACE] : Summary updated:
user1:   -1000
user2:   -1000
user0:   -1000
user3:   -1000
user4:   -1000

27-10-2021 15:49:16:357 Phase_1 [TRACE] : Log updated:

27-10-2021 15:49:16:357 Phase_1 [TRACE] : Updating the TimestampVectorInserting with the timestamp: user2:   7
27-10-2021 15:49:16:357 Phase_1 [TRACE] : Summary updated:
user1:   -1000
user2:   -1000
user0:   -1000
user3:   -1000
user4:   -1000

27-10-2021 15:49:16:357 Phase_1 [TRACE] : Log updated:

27-10-2021 15:49:16:357 Phase_1 [TRACE] : Updating the TimestampVectorInserting with the timestamp: user4:   6
27-10-2021 15:49:16:357 Phase_1 [TRACE] : Summary updated:
user1:   -1000
user2:   -1000
user0:   -1000
user3:   -1000
user4:   -1000

27-10-2021 15:49:16:357 Phase_1 [TRACE] : Log updated:

27-10-2021 15:49:16:357 Phase_1 [TRACE] : Updating the TimestampVectorInserting with the timestamp: user0:   6
27-10-2021 15:49:16:357 Phase_1 [TRACE] : Summary updated:
user1:   -1000
user2:   -1000
user0:   -1000
user3:   -1000
user4:   -1000

27-10-2021 15:49:16:358 Phase_1 [TRACE] : Log updated:

27-10-2021 15:49:16:358 Phase_1 [TRACE] : Updating the TimestampVectorInserting with the timestamp: user3:   3
27-10-2021 15:49:16:358 Phase_1 [TRACE] : Summary updated:
user1:   -1000
user2:   -1000
user0:   -1000
user3:   -1000
user4:   -1000

27-10-2021 15:49:16:358 Phase_1 [TRACE] : Log updated:

27-10-2021 15:49:16:358 Phase_1 [TRACE] : Updating the TimestampVectorInserting with the timestamp: user4:   7
27-10-2021 15:49:16:358 Phase_1 [TRACE] : Summary updated:
user1:   -1000
user2:   -1000
user0:   -1000
user3:   -1000
user4:   -1000

27-10-2021 15:49:16:358 Phase_1 [TRACE] : Log updated:

27-10-2021 15:49:16:358 Phase_1 [TRACE] : Updating the TimestampVectorInserting with the timestamp: user2:   8
27-10-2021 15:49:16:358 Phase_1 [TRACE] : Summary updated:
user1:   -1000
user2:   -1000
user0:   -1000
user3:   -1000
user4:   -1000

27-10-2021 15:49:16:358 Phase_1 [TRACE] : Log updated:

27-10-2021 15:49:16:358 Phase_1 [TRACE] : Updating the TimestampVectorInserting with the timestamp: user2:   9
27-10-2021 15:49:16:358 Phase_1 [TRACE] : Summary updated:
user1:   -1000
user2:   -1000
user0:   -1000
user3:   -1000
user4:   -1000

27-10-2021 15:49:16:358 Phase_1 [TRACE] : Log updated:

27-10-2021 15:49:16:358 Phase_1 [TRACE] : Updating the TimestampVectorInserting with the timestamp: user3:   4
27-10-2021 15:49:16:358 Phase_1 [TRACE] : Summary updated:
user1:   -1000
user2:   -1000
user0:   -1000
user3:   -1000
user4:   -1000

27-10-2021 15:49:16:358 Phase_1 [TRACE] : Log updated:

27-10-2021 15:49:16:358 Phase_1 [TRACE] : Updating the TimestampVectorInserting with the timestamp: user3:   5
27-10-2021 15:49:16:358 Phase_1 [TRACE] : Summary updated:
user1:   -1000
user2:   -1000
user0:   -1000
user3:   -1000
user4:   -1000

27-10-2021 15:49:16:358 Phase_1 [TRACE] : Log updated:

27-10-2021 15:49:16:358 Phase_1 [TRACE] : Updating the TimestampVectorInserting with the timestamp: user4:   8
27-10-2021 15:49:16:358 Phase_1 [TRACE] : Summary updated:
user1:   -1000
user2:   -1000
user0:   -1000
user3:   -1000
user4:   -1000

27-10-2021 15:49:16:358 Phase_1 [TRACE] : Log updated:

27-10-2021 15:49:16:358 Phase_1 [TRACE] : Updating the TimestampVectorInserting with the timestamp: user1:   5
27-10-2021 15:49:16:358 Phase_1 [TRACE] : Summary updated:
user1:   -1000
user2:   -1000
user0:   -1000
user3:   -1000
user4:   -1000

27-10-2021 15:49:16:358 Phase_1 [TRACE] : Log updated:

27-10-2021 15:49:16:358 Phase_1 [TRACE] : Updating the TimestampVectorInserting with the timestamp: user3:   6
27-10-2021 15:49:16:358 Phase_1 [TRACE] : Summary updated:
user1:   -1000
user2:   -1000
user0:   -1000
user3:   -1000
user4:   -1000

27-10-2021 15:49:16:358 Phase_1 [TRACE] : Log updated:

27-10-2021 15:49:16:358 Phase_1 [TRACE] : Updating the TimestampVectorInserting with the timestamp: user1:   6
27-10-2021 15:49:16:358 Phase_1 [TRACE] : Summary updated:
user1:   -1000
user2:   -1000
user0:   -1000
user3:   -1000
user4:   -1000

27-10-2021 15:49:16:358 Phase_1 [TRACE] : Log updated:

27-10-2021 15:49:16:358 Phase_1 [TRACE] : Updating the TimestampVectorInserting with the timestamp: user2:   10
27-10-2021 15:49:16:358 Phase_1 [TRACE] : Summary updated:
user1:   -1000
user2:   -1000
user0:   -1000
user3:   -1000
user4:   -1000

27-10-2021 15:49:16:358 Phase_1 [TRACE] : Log updated:

27-10-2021 15:49:16:358 Phase_1 [TRACE] : Updating the TimestampVectorInserting with the timestamp: user4:   9
27-10-2021 15:49:16:358 Phase_1 [TRACE] : Summary updated:
user1:   -1000
user2:   -1000
user0:   -1000
user3:   -1000
user4:   -1000

27-10-2021 15:49:16:358 Phase_1 [TRACE] : Log updated:

27-10-2021 15:49:16:358 Phase_1 [TRACE] : Updating the TimestampVectorInserting with the timestamp: user3:   7
27-10-2021 15:49:16:358 Phase_1 [TRACE] : Summary updated:
user1:   -1000
user2:   -1000
user0:   -1000
user3:   -1000
user4:   -1000

27-10-2021 15:49:16:358 Phase_1 [TRACE] : Log updated:

27-10-2021 15:49:16:358 Phase_1 [TRACE] : Updating the TimestampVectorInserting with the timestamp: user4:   10
27-10-2021 15:49:16:358 Phase_1 [TRACE] : Summary updated:
user1:   -1000
user2:   -1000
user0:   -1000
user3:   -1000
user4:   -1000

27-10-2021 15:49:16:358 Phase_1 [TRACE] : Log updated:

27-10-2021 15:49:16:358 Phase_1 [TRACE] : Updating the TimestampVectorInserting with the timestamp: user3:   8
27-10-2021 15:49:16:358 Phase_1 [TRACE] : Summary updated:
user1:   -1000
user2:   -1000
user0:   -1000
user3:   -1000
user4:   -1000

27-10-2021 15:49:16:358 Phase_1 [TRACE] : Log updated:

27-10-2021 15:49:16:358 Phase_1 [TRACE] : Updating the TimestampVectorInserting with the timestamp: user3:   9
27-10-2021 15:49:16:358 Phase_1 [TRACE] : Summary updated:
user1:   -1000
user2:   -1000
user0:   -1000
user3:   -1000
user4:   -1000

27-10-2021 15:49:16:358 Phase_1 [TRACE] : Log updated:

27-10-2021 15:49:16:358 Phase_1 [TRACE] : Updating the TimestampVectorInserting with the timestamp: user3:   10
27-10-2021 15:49:16:358 Phase_1 [TRACE] : Summary updated:
user1:   -1000
user2:   -1000
user0:   -1000
user3:   -1000
user4:   -1000

27-10-2021 15:49:16:358 Phase_1 [TRACE] : Log updated:

27-10-2021 15:49:16:358 Phase_1 [TRACE] : Updating the TimestampVectorInserting with the timestamp: user3:   11
27-10-2021 15:49:16:358 Phase_1 [TRACE] : Summary updated:
user1:   -1000
user2:   -1000
user0:   -1000
user3:   -1000
user4:   -1000

27-10-2021 15:49:16:358 Phase_1 [TRACE] : Log updated:

27-10-2021 15:49:16:358 Phase_1 [TRACE] : Updating the TimestampVectorInserting with the timestamp: user1:   7
27-10-2021 15:49:16:358 Phase_1 [TRACE] : Summary updated:
user1:   -1000
user2:   -1000
user0:   -1000
user3:   -1000
user4:   -1000

27-10-2021 15:49:16:358 Phase_1 [TRACE] : Log updated:

27-10-2021 15:49:16:358 Phase_1 [TRACE] : Updating the TimestampVectorInserting with the timestamp: user4:   11
27-10-2021 15:49:16:358 Phase_1 [TRACE] : Summary updated:
user1:   -1000
user2:   -1000
user0:   -1000
user3:   -1000
user4:   -1000

27-10-2021 15:49:16:358 Phase_1 [INFO] : Log:

27-10-2021 15:49:16:358 Phase_1 [INFO] : Summary:
user1:   -1000
user2:   -1000
user0:   -1000
user3:   -1000
user4:   -1000

